
> nextjs_tailwind_shadcn_ts@0.2.0 build
> next build && npm run build:standalone

▲ Next.js 16.1.6 (Turbopack)
- Environments: .env.production, .env

⚠ The "middleware" file convention is deprecated. Please use "proxy" instead. Learn more: https://nextjs.org/docs/messages/middleware-to-proxy
  Creating an optimized production build ...
Turbopack build encountered 6 warnings:
./src/instrumentation.ts:75:26
Ecmascript file had an error
[0m [90m 73 |[39m           [33m.[39mthen(() [33m=>[39m console[33m.[39mlog([32m'OpenTelemetry SDK terminated'[39m))
 [90m 74 |[39m           [33m.[39m[36mcatch[39m((error) [33m=>[39m console[33m.[39merror([32m'Error terminating OpenTelemetry SDK:'[39m[33m,[39m error))
[31m[1m>[22m[39m[90m 75 |[39m           [33m.[39m[36mfinally[39m(() [33m=>[39m process[33m.[39mexit([35m0[39m))[33m;[39m
 [90m    |[39m                          [31m[1m^[22m[39m[31m[1m^[22m[39m[31m[1m^[22m[39m[31m[1m^[22m[39m[31m[1m^[22m[39m[31m[1m^[22m[39m[31m[1m^[22m[39m[31m[1m^[22m[39m[31m[1m^[22m[39m[31m[1m^[22m[39m[31m[1m^[22m[39m[31m[1m^[22m[39m
 [90m 76 |[39m       })[33m;[39m
 [90m 77 |[39m     } [36mcatch[39m {
 [90m 78 |[39m       [90m// OpenTelemetry not installed, skip[39m[0m

A Node.js API is used (process.exit at line: 75) which is not supported in the Edge Runtime.
Learn more: https://nextjs.org/docs/api-reference/edge-runtime


./src/instrumentation.ts:71:7
Ecmascript file had an error
[0m [90m 69 |[39m       
 [90m 70 |[39m       [90m// Graceful shutdown[39m
[31m[1m>[22m[39m[90m 71 |[39m       process[33m.[39mon([32m'SIGTERM'[39m[33m,[39m () [33m=>[39m {
 [90m    |[39m       [31m[1m^[22m[39m[31m[1m^[22m[39m[31m[1m^[22m[39m[31m[1m^[22m[39m[31m[1m^[22m[39m[31m[1m^[22m[39m[31m[1m^[22m[39m[31m[1m^[22m[39m[31m[1m^[22m[39m[31m[1m^[22m[39m
 [90m 72 |[39m         sdk[33m.[39mshutdown()
 [90m 73 |[39m           [33m.[39mthen(() [33m=>[39m console[33m.[39mlog([32m'OpenTelemetry SDK terminated'[39m))
 [90m 74 |[39m           [33m.[39m[36mcatch[39m((error) [33m=>[39m console[33m.[39merror([32m'Error terminating OpenTelemetry SDK:'[39m[33m,[39m error))[0m

A Node.js API is used (process.on at line: 71) which is not supported in the Edge Runtime.
Learn more: https://nextjs.org/docs/api-reference/edge-runtime


./src/instrumentation.ts:61:53
Module not found: Can't resolve '@opentelemetry/auto-instrumentations-node'
[0m [90m 59 |[39m       [36mconst[39m { [33mNodeSDK[39m } [33m=[39m [36mawait[39m [36mimport[39m([32m'@opentelemetry/sdk-node'[39m)[33m;[39m
 [90m 60 |[39m       [36mconst[39m { [33mOTLPTraceExporter[39m } [33m=[39m [36mawait[39m [36mimport[39m([32m'@opentelemetry/exporter-trace-otlp-http'[39m)[33m;[39m
[31m[1m>[22m[39m[90m 61 |[39m       [36mconst[39m { getNodeAutoInstrumentations } [33m=[39m [36mawait[39m [36mimport[39m([32m'@opentelemetry/auto-instrumentations-node'[39m)[33m;[39m
 [90m    |[39m                                                     [31m[1m^[22m[39m[31m[1m^[22m[39m[31m[1m^[22m[39m[31m[1m^[22m[39m[31m[1m^[22m[39m[31m[1m^[22m[39m[31m[1m^[22m[39m[31m[1m^[22m[39m[31m[1m^[22m[39m[31m[1m^[22m[39m[31m[1m^[22m[39m[31m[1m^[22m[39m[31m[1m^[22m[39m[31m[1m^[22m[39m[31m[1m^[22m[39m[31m[1m^[22m[39m[31m[1m^[22m[39m[31m[1m^[22m[39m[31m[1m^[22m[39m[31m[1m^[22m[39m[31m[1m^[22m[39m[31m[1m^[22m[39m[31m[1m^[22m[39m[31m[1m^[22m[39m[31m[1m^[22m[39m[31m[1m^[22m[39m[31m[1m^[22m[39m[31m[1m^[22m[39m[31m[1m^[22m[39m[31m[1m^[22m[39m[31m[1m^[22m[39m[31m[1m^[22m[39m[31m[1m^[22m[39m[31m[1m^[22m[39m[31m[1m^[22m[39m[31m[1m^[22m[39m[31m[1m^[22m[39m[31m[1m^[22m[39m[31m[1m^[22m[39m[31m[1m^[22m[39m[31m[1m^[22m[39m[31m[1m^[22m[39m[31m[1m^[22m[39m[31m[1m^[22m[39m[31m[1m^[22m[39m[31m[1m^[22m[39m[31m[1m^[22m[39m[31m[1m^[22m[39m[31m[1m^[22m[39m[31m[1m^[22m[39m[31m[1m^[22m[39m
 [90m 62 |[39m       
 [90m 63 |[39m       [36mconst[39m sdk [33m=[39m [36mnew[39m [33mNodeSDK[39m({
 [90m 64 |[39m         traceExporter[33m:[39m [36mnew[39m [33mOTLPTraceExporter[39m()[33m,[39m[0m



https://nextjs.org/docs/messages/module-not-found


./src/instrumentation.ts:60:43
Module not found: Can't resolve '@opentelemetry/exporter-trace-otlp-http'
[0m [90m 58 |[39m     [36mtry[39m {
 [90m 59 |[39m       [36mconst[39m { [33mNodeSDK[39m } [33m=[39m [36mawait[39m [36mimport[39m([32m'@opentelemetry/sdk-node'[39m)[33m;[39m
[31m[1m>[22m[39m[90m 60 |[39m       [36mconst[39m { [33mOTLPTraceExporter[39m } [33m=[39m [36mawait[39m [36mimport[39m([32m'@opentelemetry/exporter-trace-otlp-http'[39m)[33m;[39m
 [90m    |[39m                                           [31m[1m^[22m[39m[31m[1m^[22m[39m[31m[1m^[22m[39m[31m[1m^[22m[39m[31m[1m^[22m[39m[31m[1m^[22m[39m[31m[1m^[22m[39m[31m[1m^[22m[39m[31m[1m^[22m[39m[31m[1m^[22m[39m[31m[1m^[22m[39m[31m[1m^[22m[39m[31m[1m^[22m[39m[31m[1m^[22m[39m[31m[1m^[22m[39m[31m[1m^[22m[39m[31m[1m^[22m[39m[31m[1m^[22m[39m[31m[1m^[22m[39m[31m[1m^[22m[39m[31m[1m^[22m[39m[31m[1m^[22m[39m[31m[1m^[22m[39m[31m[1m^[22m[39m[31m[1m^[22m[39m[31m[1m^[22m[39m[31m[1m^[22m[39m[31m[1m^[22m[39m[31m[1m^[22m[39m[31m[1m^[22m[39m[31m[1m^[22m[39m[31m[1m^[22m[39m[31m[1m^[22m[39m[31m[1m^[22m[39m[31m[1m^[22m[39m[31m[1m^[22m[39m[31m[1m^[22m[39m[31m[1m^[22m[39m[31m[1m^[22m[39m[31m[1m^[22m[39m[31m[1m^[22m[39m[31m[1m^[22m[39m[31m[1m^[22m[39m[31m[1m^[22m[39m[31m[1m^[22m[39m[31m[1m^[22m[39m[31m[1m^[22m[39m[31m[1m^[22m[39m[31m[1m^[22m[39m
 [90m 61 |[39m       [36mconst[39m { getNodeAutoInstrumentations } [33m=[39m [36mawait[39m [36mimport[39m([32m'@opentelemetry/auto-instrumentations-node'[39m)[33m;[39m
 [90m 62 |[39m       
 [90m 63 |[39m       [36mconst[39m sdk [33m=[39m [36mnew[39m [33mNodeSDK[39m({[0m



https://nextjs.org/docs/messages/module-not-found


./src/instrumentation.ts:59:33
Module not found: Can't resolve '@opentelemetry/sdk-node'
[0m [90m 57 |[39m   [36mif[39m (process[33m.[39menv[33m.[39m[33mOTEL_EXPORTER_OTLP_ENDPOINT[39m) {
 [90m 58 |[39m     [36mtry[39m {
[31m[1m>[22m[39m[90m 59 |[39m       [36mconst[39m { [33mNodeSDK[39m } [33m=[39m [36mawait[39m [36mimport[39m([32m'@opentelemetry/sdk-node'[39m)[33m;[39m
 [90m    |[39m                                 [31m[1m^[22m[39m[31m[1m^[22m[39m[31m[1m^[22m[39m[31m[1m^[22m[39m[31m[1m^[22m[39m[31m[1m^[22m[39m[31m[1m^[22m[39m[31m[1m^[22m[39m[31m[1m^[22m[39m[31m[1m^[22m[39m[31m[1m^[22m[39m[31m[1m^[22m[39m[31m[1m^[22m[39m[31m[1m^[22m[39m[31m[1m^[22m[39m[31m[1m^[22m[39m[31m[1m^[22m[39m[31m[1m^[22m[39m[31m[1m^[22m[39m[31m[1m^[22m[39m[31m[1m^[22m[39m[31m[1m^[22m[39m[31m[1m^[22m[39m[31m[1m^[22m[39m[31m[1m^[22m[39m[31m[1m^[22m[39m[31m[1m^[22m[39m[31m[1m^[22m[39m[31m[1m^[22m[39m[31m[1m^[22m[39m[31m[1m^[22m[39m[31m[1m^[22m[39m[31m[1m^[22m[39m
 [90m 60 |[39m       [36mconst[39m { [33mOTLPTraceExporter[39m } [33m=[39m [36mawait[39m [36mimport[39m([32m'@opentelemetry/exporter-trace-otlp-http'[39m)[33m;[39m
 [90m 61 |[39m       [36mconst[39m { getNodeAutoInstrumentations } [33m=[39m [36mawait[39m [36mimport[39m([32m'@opentelemetry/auto-instrumentations-node'[39m)[33m;[39m
 [90m 62 |[39m       [0m



https://nextjs.org/docs/messages/module-not-found


./src/instrumentation.ts:10:28
Module not found: Can't resolve '@sentry/nextjs'
[0m [90m  8 |[39m   [36mif[39m (process[33m.[39menv[33m.[39m[33mNEXT_RUNTIME[39m [33m===[39m [32m'nodejs'[39m [33m&&[39m process[33m.[39menv[33m.[39m[33mSENTRY_DSN[39m) {
 [90m  9 |[39m     [36mtry[39m {
[31m[1m>[22m[39m[90m 10 |[39m       [36mconst[39m [33mSentry[39m [33m=[39m [36mawait[39m [36mimport[39m([32m'@sentry/nextjs'[39m)[33m;[39m
 [90m    |[39m                            [31m[1m^[22m[39m[31m[1m^[22m[39m[31m[1m^[22m[39m[31m[1m^[22m[39m[31m[1m^[22m[39m[31m[1m^[22m[39m[31m[1m^[22m[39m[31m[1m^[22m[39m[31m[1m^[22m[39m[31m[1m^[22m[39m[31m[1m^[22m[39m[31m[1m^[22m[39m[31m[1m^[22m[39m[31m[1m^[22m[39m[31m[1m^[22m[39m[31m[1m^[22m[39m[31m[1m^[22m[39m[31m[1m^[22m[39m[31m[1m^[22m[39m[31m[1m^[22m[39m[31m[1m^[22m[39m[31m[1m^[22m[39m[31m[1m^[22m[39m[31m[1m^[22m[39m
 [90m 11 |[39m       [33mSentry[39m[33m.[39minit({
 [90m 12 |[39m         dsn[33m:[39m process[33m.[39menv[33m.[39m[33mSENTRY_DSN[39m[33m,[39m
 [90m 13 |[39m         environment[33m:[39m process[33m.[39menv[33m.[39m[33mNODE_ENV[39m[33m,[39m[0m



https://nextjs.org/docs/messages/module-not-found


✓ Compiled successfully in 7.5s
  Skipping validation of types
  Collecting page data using 7 workers ...
  Generating static pages using 7 workers (0/100) ...
  Generating static pages using 7 workers (25/100) 
  Generating static pages using 7 workers (50/100) 
  Generating static pages using 7 workers (75/100) 
✓ Generating static pages using 7 workers (100/100) in 248.0ms
  Finalizing page optimization ...

Route (app)
┌ ○ /
├ ○ /_not-found
├ ƒ /api
├ ƒ /api/accounting-periods
├ ƒ /api/accounting-periods/check
├ ƒ /api/accounts
├ ƒ /api/accounts/[id]
├ ƒ /api/accounts/export
├ ƒ /api/admin/activity-log
├ ƒ /api/admin/activity-log/export
├ ƒ /api/admin/analytics
├ ƒ /api/admin/audit-logs
├ ƒ /api/admin/backup
├ ƒ /api/admin/backups
├ ƒ /api/admin/backups/download/[filename]
├ ƒ /api/admin/backups/upload
├ ƒ /api/admin/export
├ ƒ /api/admin/health
├ ƒ /api/admin/import
├ ƒ /api/admin/restore
├ ƒ /api/admin/webhooks
├ ƒ /api/admin/webhooks/[id]
├ ƒ /api/admin/webhooks/[id]/test
├ ƒ /api/analytics
├ ƒ /api/assets
├ ƒ /api/assets/[id]
├ ƒ /api/auth/[...nextauth]
├ ƒ /api/auth/mfa/disable
├ ƒ /api/auth/mfa/setup
├ ƒ /api/auth/mfa/status
├ ƒ /api/auth/mfa/verify
├ ƒ /api/backup/export
├ ƒ /api/backup/import
├ ƒ /api/bank-accounts
├ ƒ /api/bank-accounts/[id]
├ ƒ /api/bank-accounts/[id]/reconcile
├ ƒ /api/budgets
├ ƒ /api/budgets/[id]
├ ƒ /api/cheques
├ ƒ /api/cheques/[id]
├ ƒ /api/credit-notes
├ ƒ /api/credit-notes/[id]
├ ƒ /api/csrf/token
├ ƒ /api/currencies
├ ƒ /api/customers
├ ƒ /api/customers/[id]
├ ƒ /api/dashboard
├ ƒ /api/debit-notes
├ ƒ /api/debit-notes/[id]
├ ƒ /api/docs
├ ƒ /api/employees
├ ƒ /api/employees/[id]
├ ƒ /api/entities
├ ƒ /api/entities/[id]
├ ƒ /api/exchange-rates
├ ƒ /api/graphql
├ ƒ /api/health
├ ƒ /api/inter-company
├ ƒ /api/invoices
├ ƒ /api/invoices/[id]
├ ƒ /api/invoices/[id]/export/pdf
├ ƒ /api/invoices/[id]/issue
├ ƒ /api/invoices/[id]/void
├ ƒ /api/invoices/next-number
├ ƒ /api/journal
├ ƒ /api/journal-entries/[id]/export/pdf
├ ƒ /api/journal/[id]
├ ƒ /api/journal/[id]/post
├ ƒ /api/journal/[id]/reverse
├ ƒ /api/journal/post
├ ƒ /api/metrics
├ ƒ /api/notifications
├ ƒ /api/notifications/[id]/read
├ ƒ /api/notifications/read-all
├ ƒ /api/payments
├ ƒ /api/payments/[id]
├ ƒ /api/payments/unpaid-invoices
├ ƒ /api/payroll
├ ƒ /api/payroll/[id]
├ ƒ /api/payroll/[id]/payslip
├ ƒ /api/petty-cash/funds
├ ƒ /api/petty-cash/funds/[id]
├ ƒ /api/petty-cash/vouchers
├ ƒ /api/petty-cash/vouchers/[id]
├ ƒ /api/petty-cash/vouchers/[id]/approve
├ ƒ /api/petty-cash/vouchers/[id]/reimburse
├ ƒ /api/products
├ ƒ /api/products/[id]
├ ƒ /api/purchases
├ ƒ /api/purchases/[id]
├ ƒ /api/receipts
├ ƒ /api/receipts/[id]
├ ƒ /api/receipts/[id]/export/pdf
├ ƒ /api/receipts/[id]/post
├ ƒ /api/receipts/unpaid-invoices
├ ƒ /api/reports/balance-sheet
├ ƒ /api/reports/balance-sheet/export/excel
├ ƒ /api/reports/balance-sheet/export/pdf
├ ƒ /api/reports/custom
├ ƒ /api/reports/general-ledger
├ ƒ /api/reports/income-statement
├ ƒ /api/reports/income-statement/export/excel
├ ƒ /api/reports/income-statement/export/pdf
├ ƒ /api/reports/scheduled
├ ƒ /api/reports/scheduled/[id]
├ ƒ /api/reports/scheduled/[id]/run
├ ƒ /api/reports/scheduled/[id]/runs
├ ƒ /api/reports/templates
├ ƒ /api/reports/trial-balance
├ ƒ /api/reports/trial-balance/export/excel
├ ƒ /api/reports/trial-balance/export/pdf
├ ƒ /api/reports/vat
├ ƒ /api/reports/wht
├ ƒ /api/security/audit
├ ƒ /api/security/mfa
├ ƒ /api/security/password
├ ƒ /api/security/sessions
├ ƒ /api/security/webhooks
├ ƒ /api/sessions
├ ƒ /api/settings
├ ƒ /api/stock-balances
├ ƒ /api/stock-movements
├ ƒ /api/stock-movements/[id]
├ ƒ /api/stock-takes
├ ƒ /api/stock-takes/[id]
├ ƒ /api/stock-takes/[id]/approve
├ ƒ /api/stock-takes/[id]/post
├ ƒ /api/stock/transfers
├ ƒ /api/stock/transfers/[id]
├ ƒ /api/tax-forms
├ ƒ /api/tax-forms/[id]
├ ƒ /api/tax-forms/[id]/export
├ ƒ /api/test-auth
├ ƒ /api/upload
├ ƒ /api/user/preferences
├ ƒ /api/user/recent-items
├ ƒ /api/users
├ ƒ /api/users/[id]
├ ƒ /api/v1/invoices
├ ƒ /api/v1/invoices/[id]
├ ƒ /api/v2/invoices
├ ƒ /api/v2/invoices/[id]
├ ƒ /api/vendors
├ ƒ /api/vendors/[id]
├ ƒ /api/versions
├ ƒ /api/warehouses
├ ƒ /api/warehouses/[id]
├ ƒ /api/webhooks
├ ƒ /api/webhooks/[id]
├ ƒ /api/wht
├ ƒ /api/wht/[id]
├ ƒ /api/wht/[id]/pdf
├ ○ /docs
└ ○ /stock-takes


ƒ Proxy (Middleware)

○  (Static)   prerendered as static content
ƒ  (Dynamic)  server-rendered on demand


> nextjs_tailwind_shadcn_ts@0.2.0 build:standalone
> cp -r .next/static .next/standalone/.next/ && cp -r public .next/standalone/ && cd .next/standalone && npm install --production --legacy-peer-deps && cd ../.. && echo 'Build complete! Standalone directory ready.' && echo 'IMPORTANT: Update .next/standalone/.env with absolute DATABASE_URL path'

npm warn config production Use `--omit=dev` instead.
npm warn deprecated inflight@1.0.6: This module is not supported, and leaks memory. Do not use it. Check out lru-cache if you want a good and tested way to coalesce async requests by a key value, which is much more comprehensive and powerful.
npm warn deprecated lodash.get@4.4.2: This package is deprecated. Use the optional chaining (?.) operator instead.
npm warn deprecated lodash.isequal@4.5.0: This package is deprecated. Use require('node:util').isDeepStrictEqual instead.
npm warn deprecated glob@7.1.6: Old versions of glob are not supported, and contain widely publicized security vulnerabilities, which have been fixed in the current version. Please update. Support for old versions may be purchased (at exorbitant rates) by contacting i@izs.me
npm warn deprecated intersection-observer@0.10.0: The Intersection Observer polyfill is no longer needed and can safely be removed. Intersection Observer has been Baseline since 2019.
npm warn deprecated jpeg-exif@1.1.4: Package no longer supported. Contact Support at https://www.npmjs.com/support for more info.
npm warn deprecated node-domexception@1.0.0: Use your platform's native DOMException instead

> nextjs_tailwind_shadcn_ts@0.2.0 prepare
> husky install

sh: husky: command not found
npm error code 127
npm error path /Users/tong/Thai-acc/.next/standalone
npm error command failed
npm error command sh -c husky install
npm error A complete log of this run can be found in: /Users/tong/.npm/_logs/2026-03-16T15_54_28_596Z-debug-0.log
