lockdown-install.js:1 SES Removing unpermitted intrinsics
forward-logs-shared.ts:95 Download the React DevTools for a better development experience: https://react.dev/link/react-devtools
forward-logs-shared.ts:95 [HMR] connected
:3000/:1 Banner not shown: beforeinstallpromptevent.preventDefault() called. The page must call beforeinstallpromptevent.prompt() to show the banner.
forward-logs-shared.ts:95 [Fast Refresh] rebuilding
forward-logs-shared.ts:95 [Fast Refresh] done in 118ms
forward-logs-shared.ts:95 [Fast Refresh] rebuilding
forward-logs-shared.ts:95 [Fast Refresh] done in 171ms
api/invoices:1  Failed to load resource: the server responded with a status of 500 (Internal Server Error)
api/invoices:1  Failed to load resource: the server responded with a status of 500 (Internal Server Error)
api/purchase-orders?page=1&limit=50:1  Failed to load resource: the server responded with a status of 500 (Internal Server Error)
api/purchase-requests?page=1&limit=50:1  Failed to load resource: the server responded with a status of 500 (Internal Server Error)
forward-logs-shared.ts:95 [Fast Refresh] rebuilding
forward-logs-shared.ts:95 [Fast Refresh] done in 119ms
api/purchase-orders?page=1&limit=50:1  Failed to load resource: the server responded with a status of 500 (Internal Server Error)
intercept-console-error.ts:42 In HTML, <tr> cannot be a child of <div>.
This will cause a hydration error.

  ...
    <Home params={Promise} searchParams={Promise}>
      <div className="flex h-scr...">
        <KeeratiSidebar>
        <div className="flex-1 fle...">
          <main className="flex-1 ove...">
            <ChartOfAccounts>
              <div className="space-y-6">
                <div>
                <Card>
                <Card>
                  <div data-slot="card" className="bg-card te...">
                    <CardHeader>
                    <CardContent>
                      <div data-slot="card-content" className="px-6">
                        <Table>
                          <div data-slot="table-cont..." className="relative w...">
                            <table data-slot="table" className="w-full cap...">
                              <TableHeader>
                              <TableBody>
                                <tbody data-slot="table-body" className={"[&_tr:la..."}>
>                                 <div>
                                    <TableRow className="">
>                                     <tr
>                                       data-slot="table-row"
>                                       className="hover:bg-muted/50 data-[state=selected]:bg-muted border-b transitio..."
>                                     >
                                  ...

error @ intercept-console-error.ts:42
intercept-console-error.ts:42 <div> cannot contain a nested <tr>.
See this log for the ancestor stack trace.
error @ intercept-console-error.ts:42
intercept-console-error.ts:42 In HTML, <div> cannot be a child of <tbody>.
This will cause a hydration error.

  ...
    <ClientPageRoot Component={function Home} serverProvidedParams={{...}}>
      <Home params={Promise} searchParams={Promise}>
        <div className="flex h-scr...">
          <KeeratiSidebar>
          <div className="flex-1 fle...">
            <main className="flex-1 ove...">
              <ChartOfAccounts>
                <div className="space-y-6">
                  <div>
                  <Card>
                  <Card>
                    <div data-slot="card" className="bg-card te...">
                      <CardHeader>
                      <CardContent>
                        <div data-slot="card-content" className="px-6">
                          <Table>
                            <div data-slot="table-cont..." className="relative w...">
                              <table data-slot="table" className="w-full cap...">
                                <TableHeader>
                                <TableBody>
>                                 <tbody data-slot="table-body" className={"[&_tr:last-child]:border-0"}>
>                                   <div>
                                    ...

error @ intercept-console-error.ts:42
intercept-console-error.ts:42 <tbody> cannot contain a nested <div>.
See this log for the ancestor stack trace.
error @ intercept-console-error.ts:42
forward-logs-shared.ts:95 [Fast Refresh] rebuilding
forward-logs-shared.ts:95 [Fast Refresh] done in 102ms
forward-logs-shared.ts:95 Accounts fetched: 73
forward-logs-shared.ts:95 [Fast Refresh] rebuilding
forward-logs-shared.ts:95 [Fast Refresh] done in 740ms
forward-logs-shared.ts:95 [Fast Refresh] rebuilding
forward-logs-shared.ts:95 [Fast Refresh] done in 277ms
forward-logs-shared.ts:95 [Fast Refresh] rebuilding
forward-logs-shared.ts:95 [Fast Refresh] done in 186ms
The FetchEvent for "http://localhost:3000/users" resulted in a network error response: the promise was rejected.
service-worker.js:1 Uncaught (in promise) TypeError: Failed to convert value to 'Response'.
service-worker.js:1 Uncaught (in promise) TypeError: Failed to convert value to 'Response'.
